<?xml version="1.0" encoding="UTF-8"?>
<!-- Generated by org.testng.reporters.JUnitReportReporter -->
<testsuite hostname="Kalais-Mac.local" failures="0" tests="3" name="Standalone" time="0.000" errors="0" timestamp="2023-12-28T16:40:50 CST" skipped="3">
  <testcase classname="Standalone" name="riskofSepsis" time="0.000">
    <skipped/>
  </testcase> <!-- riskofSepsis -->
  <system-out/>
  <testcase classname="Standalone" name="uploadFiletest" time="0.000">
    <skipped/>
  </testcase> <!-- uploadFiletest -->
  <system-out/>
  <testcase classname="Standalone" name="test" time="0.000">
    <skipped/>
  </testcase> <!-- test -->
  <system-out/>
</testsuite> <!-- Standalone -->
